android-twa/app/build/intermediates/manifest_merge_blame_file/release/processReleaseMainManifest/manifest-merger-blame-release-report.txt
1<?xml version="1.0" encoding="utf-8"?>
2<!--
3    Copyright 2019 Google Inc. All Rights Reserved.
4
5     Licensed under the Apache License, Version 2.0 (the "License");
6     you may not use this file except in compliance with the License.
7     You may obtain a copy of the License at
8
9         http://www.apache.org/licenses/LICENSE-2.0
10
11     Unless required by applicable law or agreed to in writing, software
12     distributed under the License is distributed on an "AS IS" BASIS,
13     WITHOUT WARRANTIES OR CONDITIONS OF ANY KIND, either express or implied.
14     See the License for the specific language governing permissions and
15     limitations under the License.
16-->
17<!--
18 The "package" attribute is rewritten by the Gradle build with the value of applicationId.
19     It is still required here, as it is used to derive paths, for instance when referring
20     to an Activity by ".MyActivity" instead of the full name. If more Activities are added to the
21     application, the package attribute will need to reflect the correct path in order to use
22     the abbreviated format.
23-->
24<manifest xmlns:android="http://schemas.android.com/apk/res/android"
25    package="fun.playsolmate.app"
26    android:versionCode="12"
27    android:versionName="Version 11 - Native MWA" >
28
29    <uses-sdk
30        android:minSdkVersion="21"
31        android:targetSdkVersion="35" />
32
33    <!-- Package visibility for MWA (Mobile Wallet Adapter) -->
34    <queries>
34-->src/main/AndroidManifest.xml:26:5-36:15
35
36        <!-- Allow querying for apps that handle solana-wallet:// scheme -->
37        <intent>
37-->src/main/AndroidManifest.xml:28:9-31:18
38            <action android:name="android.intent.action.VIEW" />
38-->src/main/AndroidManifest.xml:29:13-65
38-->src/main/AndroidManifest.xml:29:21-62
39
40            <data android:scheme="solana-wallet" />
40-->src/main/AndroidManifest.xml:30:13-52
40-->src/main/AndroidManifest.xml:30:19-49
41        </intent>
42        <!-- Allow querying for specific wallet apps -->
43        <package android:name="app.phantom" />
43-->src/main/AndroidManifest.xml:33:9-47
43-->src/main/AndroidManifest.xml:33:18-44
44        <package android:name="com.solflare.mobile" />
44-->src/main/AndroidManifest.xml:34:9-55
44-->src/main/AndroidManifest.xml:34:18-52
45        <package android:name="com.solanamobile.seedvault" />
45-->src/main/AndroidManifest.xml:35:9-62
45-->src/main/AndroidManifest.xml:35:18-59
46
47        <intent>
47-->[com.google.androidbrowserhelper:androidbrowserhelper:2.6.2] AndroidManifest.xml:23:9-29:18
48            <action android:name="android.intent.action.VIEW" />
48-->src/main/AndroidManifest.xml:29:13-65
48-->src/main/AndroidManifest.xml:29:21-62
49
50            <category android:name="android.intent.category.BROWSABLE" />
50-->src/main/AndroidManifest.xml:163:17-77
50-->src/main/AndroidManifest.xml:163:27-75
51
52            <data android:scheme="https" />
52-->src/main/AndroidManifest.xml:30:13-52
52-->src/main/AndroidManifest.xml:30:19-49
53        </intent>
54    </queries>
55
56    <uses-permission android:name="android.permission.POST_NOTIFICATIONS" />
56-->src/main/AndroidManifest.xml:39:9-80
56-->src/main/AndroidManifest.xml:39:26-78
57
58    <permission
58-->[androidx.core:core:1.13.0] AndroidManifest.xml:22:5-24:47
59        android:name="fun.playsolmate.app.DYNAMIC_RECEIVER_NOT_EXPORTED_PERMISSION"
59-->[androidx.core:core:1.13.0] AndroidManifest.xml:23:9-81
60        android:protectionLevel="signature" />
60-->[androidx.core:core:1.13.0] AndroidManifest.xml:24:9-44
61
62    <uses-permission android:name="fun.playsolmate.app.DYNAMIC_RECEIVER_NOT_EXPORTED_PERMISSION" />
62-->[androidx.core:core:1.13.0] AndroidManifest.xml:26:5-97
62-->[androidx.core:core:1.13.0] AndroidManifest.xml:26:22-94
63
64    <application
64-->src/main/AndroidManifest.xml:48:5-215:19
65        android:name="fun.playsolmate.app.Application"
65-->src/main/AndroidManifest.xml:49:9-35
66        android:allowBackup="true"
66-->src/main/AndroidManifest.xml:50:9-35
67        android:appComponentFactory="androidx.core.app.CoreComponentFactory"
67-->[androidx.core:core:1.13.0] AndroidManifest.xml:28:18-86
68        android:extractNativeLibs="true"
69        android:icon="@mipmap/ic_launcher"
69-->src/main/AndroidManifest.xml:51:9-43
70        android:label="@string/appName"
70-->src/main/AndroidManifest.xml:52:9-40
71        android:manageSpaceActivity="com.google.androidbrowserhelper.trusted.ManageDataLauncherActivity"
71-->src/main/AndroidManifest.xml:54:9-105
72        android:supportsRtl="true"
72-->src/main/AndroidManifest.xml:56:9-35
73        android:theme="@android:style/Theme.Translucent.NoTitleBar" >
73-->src/main/AndroidManifest.xml:57:9-68
74        <meta-data
74-->src/main/AndroidManifest.xml:59:9-61:58
75            android:name="asset_statements"
75-->src/main/AndroidManifest.xml:60:13-44
76            android:resource="@string/assetStatements" />
76-->src/main/AndroidManifest.xml:61:13-55
77        <meta-data
77-->src/main/AndroidManifest.xml:64:13-66:58
78            android:name="web_manifest_url"
78-->src/main/AndroidManifest.xml:65:17-48
79            android:value="@string/webManifestUrl" />
79-->src/main/AndroidManifest.xml:66:17-55
80        <meta-data
80-->src/main/AndroidManifest.xml:69:9-71:52
81            android:name="twa_generator"
81-->src/main/AndroidManifest.xml:70:13-41
82            android:value="@string/generatorApp" />
82-->src/main/AndroidManifest.xml:71:13-49
83
84        <activity
84-->src/main/AndroidManifest.xml:78:13-89:24
85            android:name="com.google.androidbrowserhelper.trusted.ManageDataLauncherActivity"
85-->src/main/AndroidManifest.xml:78:23-104
86            android:enabled="true"
86-->src/main/AndroidManifest.xml:80:17-39
87            android:excludeFromRecents="true"
87-->src/main/AndroidManifest.xml:81:17-50
88            android:exported="false" >
88-->src/main/AndroidManifest.xml:79:17-41
89            <meta-data
89-->src/main/AndroidManifest.xml:82:17-84:57
90                android:name="android.support.customtabs.trusted.MANAGE_SPACE_URL"
90-->src/main/AndroidManifest.xml:83:21-87
91                android:value="@string/launchUrl" />
91-->src/main/AndroidManifest.xml:84:21-54
92
93            <intent-filter>
93-->src/main/AndroidManifest.xml:85:17-88:33
94                <action android:name="android.intent.action.APPLICATION_PREFERENCES" />
94-->src/main/AndroidManifest.xml:86:21-92
94-->src/main/AndroidManifest.xml:86:29-89
95
96                <category android:name="android.intent.category.DEFAULT" />
96-->src/main/AndroidManifest.xml:87:21-80
96-->src/main/AndroidManifest.xml:87:31-77
97            </intent-filter>
98        </activity>
99        <activity
99-->src/main/AndroidManifest.xml:92:9-173:20
100            android:name="fun.playsolmate.app.LauncherActivity"
100-->src/main/AndroidManifest.xml:92:19-50
101            android:alwaysRetainTaskState="true"
101-->src/main/AndroidManifest.xml:93:13-49
102            android:exported="true"
102-->src/main/AndroidManifest.xml:95:13-36
103            android:label="@string/launcherName" >
103-->src/main/AndroidManifest.xml:94:13-49
104            <meta-data
104-->src/main/AndroidManifest.xml:96:13-97:53
105                android:name="android.support.customtabs.trusted.DEFAULT_URL"
105-->src/main/AndroidManifest.xml:96:24-85
106                android:value="@string/launchUrl" />
106-->src/main/AndroidManifest.xml:97:17-50
107            <meta-data
107-->src/main/AndroidManifest.xml:99:13-101:58
108                android:name="android.support.customtabs.trusted.STATUS_BAR_COLOR"
108-->src/main/AndroidManifest.xml:100:17-83
109                android:resource="@color/colorPrimary" />
109-->src/main/AndroidManifest.xml:101:17-55
110            <meta-data
110-->src/main/AndroidManifest.xml:105:13-107:62
111                android:name="android.support.customtabs.trusted.STATUS_BAR_COLOR_DARK"
111-->src/main/AndroidManifest.xml:106:17-88
112                android:resource="@color/colorPrimaryDark" />
112-->src/main/AndroidManifest.xml:107:17-59
113            <meta-data
113-->src/main/AndroidManifest.xml:109:13-111:61
114                android:name="android.support.customtabs.trusted.NAVIGATION_BAR_COLOR"
114-->src/main/AndroidManifest.xml:110:17-87
115                android:resource="@color/navigationColor" />
115-->src/main/AndroidManifest.xml:111:17-58
116            <meta-data
116-->src/main/AndroidManifest.xml:113:13-115:65
117                android:name="android.support.customtabs.trusted.NAVIGATION_BAR_COLOR_DARK"
117-->src/main/AndroidManifest.xml:114:17-92
118                android:resource="@color/navigationColorDark" />
118-->src/main/AndroidManifest.xml:115:17-62
119            <meta-data
119-->src/main/AndroidManifest.xml:117:13-119:68
120                android:name="androix.browser.trusted.NAVIGATION_BAR_DIVIDER_COLOR"
120-->src/main/AndroidManifest.xml:118:17-84
121                android:resource="@color/navigationDividerColor" />
121-->src/main/AndroidManifest.xml:119:17-65
122            <meta-data
122-->src/main/AndroidManifest.xml:121:13-123:72
123                android:name="androix.browser.trusted.NAVIGATION_BAR_DIVIDER_COLOR_DARK"
123-->src/main/AndroidManifest.xml:122:17-89
124                android:resource="@color/navigationDividerColorDark" />
124-->src/main/AndroidManifest.xml:123:17-69
125            <meta-data
125-->src/main/AndroidManifest.xml:125:13-126:54
126                android:name="android.support.customtabs.trusted.SPLASH_IMAGE_DRAWABLE"
126-->src/main/AndroidManifest.xml:125:24-95
127                android:resource="@drawable/splash" />
127-->src/main/AndroidManifest.xml:126:17-52
128            <meta-data
128-->src/main/AndroidManifest.xml:128:13-129:60
129                android:name="android.support.customtabs.trusted.SPLASH_SCREEN_BACKGROUND_COLOR"
129-->src/main/AndroidManifest.xml:128:24-104
130                android:resource="@color/backgroundColor" />
130-->src/main/AndroidManifest.xml:129:17-58
131            <meta-data
131-->src/main/AndroidManifest.xml:131:13-132:71
132                android:name="android.support.customtabs.trusted.SPLASH_SCREEN_FADE_OUT_DURATION"
132-->src/main/AndroidManifest.xml:131:24-105
133                android:value="@integer/splashScreenFadeOutDuration" />
133-->src/main/AndroidManifest.xml:132:17-69
134            <meta-data
134-->src/main/AndroidManifest.xml:134:13-135:60
135                android:name="android.support.customtabs.trusted.FILE_PROVIDER_AUTHORITY"
135-->src/main/AndroidManifest.xml:134:24-97
136                android:value="@string/providerAuthority" />
136-->src/main/AndroidManifest.xml:135:17-58
137            <meta-data
137-->src/main/AndroidManifest.xml:137:13-97
138                android:name="android.app.shortcuts"
138-->src/main/AndroidManifest.xml:137:24-60
139                android:resource="@xml/shortcuts" />
139-->src/main/AndroidManifest.xml:137:61-94
140            <meta-data
140-->src/main/AndroidManifest.xml:139:13-140:56
141                android:name="android.support.customtabs.trusted.FALLBACK_STRATEGY"
141-->src/main/AndroidManifest.xml:139:24-91
142                android:value="@string/fallbackType" />
142-->src/main/AndroidManifest.xml:140:17-53
143            <meta-data
143-->src/main/AndroidManifest.xml:146:13-147:54
144                android:name="android.support.customtabs.trusted.SCREEN_ORIENTATION"
144-->src/main/AndroidManifest.xml:146:24-92
145                android:value="@string/orientation" />
145-->src/main/AndroidManifest.xml:147:17-52
146
147            <intent-filter>
147-->src/main/AndroidManifest.xml:155:13-158:29
148                <action android:name="android.intent.action.MAIN" />
148-->src/main/AndroidManifest.xml:156:17-69
148-->src/main/AndroidManifest.xml:156:25-66
149
150                <category android:name="android.intent.category.LAUNCHER" />
150-->src/main/AndroidManifest.xml:157:17-77
150-->src/main/AndroidManifest.xml:157:27-74
151            </intent-filter>
152            <intent-filter android:autoVerify="true" >
152-->src/main/AndroidManifest.xml:160:13-168:29
152-->src/main/AndroidManifest.xml:160:28-53
153                <action android:name="android.intent.action.VIEW" />
153-->src/main/AndroidManifest.xml:29:13-65
153-->src/main/AndroidManifest.xml:29:21-62
154
155                <category android:name="android.intent.category.DEFAULT" />
155-->src/main/AndroidManifest.xml:87:21-80
155-->src/main/AndroidManifest.xml:87:31-77
156                <category android:name="android.intent.category.BROWSABLE" />
156-->src/main/AndroidManifest.xml:163:17-77
156-->src/main/AndroidManifest.xml:163:27-75
157
158                <data
158-->src/main/AndroidManifest.xml:30:13-52
159                    android:host="@string/hostName"
159-->src/main/AndroidManifest.xml:165:21-52
160                    android:scheme="https" />
160-->src/main/AndroidManifest.xml:30:19-49
161            </intent-filter>
162        </activity>
163        <activity android:name="com.google.androidbrowserhelper.trusted.FocusActivity" />
163-->src/main/AndroidManifest.xml:175:9-90
163-->src/main/AndroidManifest.xml:175:19-87
164        <activity
164-->src/main/AndroidManifest.xml:177:9-178:62
165            android:name="com.google.androidbrowserhelper.trusted.WebViewFallbackActivity"
165-->src/main/AndroidManifest.xml:177:19-97
166            android:configChanges="orientation|screenSize" />
166-->src/main/AndroidManifest.xml:178:13-59
167
168        <provider
168-->src/main/AndroidManifest.xml:180:9-188:20
169            android:name="androidx.core.content.FileProvider"
169-->src/main/AndroidManifest.xml:181:13-62
170            android:authorities="@string/providerAuthority"
170-->src/main/AndroidManifest.xml:182:13-60
171            android:exported="false"
171-->src/main/AndroidManifest.xml:184:13-37
172            android:grantUriPermissions="true" >
172-->src/main/AndroidManifest.xml:183:13-47
173            <meta-data
173-->src/main/AndroidManifest.xml:185:13-187:53
174                android:name="android.support.FILE_PROVIDER_PATHS"
174-->src/main/AndroidManifest.xml:186:17-67
175                android:resource="@xml/filepaths" />
175-->src/main/AndroidManifest.xml:187:17-50
176        </provider>
177
178        <service
178-->src/main/AndroidManifest.xml:190:9-205:19
179            android:name="fun.playsolmate.app.DelegationService"
179-->src/main/AndroidManifest.xml:191:13-46
180            android:enabled="@bool/enableNotification"
180-->src/main/AndroidManifest.xml:192:13-55
181            android:exported="@bool/enableNotification" >
181-->src/main/AndroidManifest.xml:193:13-56
182            <meta-data
182-->src/main/AndroidManifest.xml:196:17-198:73
183                android:name="android.support.customtabs.trusted.SMALL_ICON"
183-->src/main/AndroidManifest.xml:197:21-81
184                android:resource="@drawable/ic_notification_icon" />
184-->src/main/AndroidManifest.xml:198:21-70
185
186            <intent-filter>
186-->src/main/AndroidManifest.xml:201:13-204:29
187                <action android:name="android.support.customtabs.trusted.TRUSTED_WEB_ACTIVITY_SERVICE" />
187-->src/main/AndroidManifest.xml:202:17-105
187-->src/main/AndroidManifest.xml:202:25-103
188
189                <category android:name="android.intent.category.DEFAULT" />
189-->src/main/AndroidManifest.xml:87:21-80
189-->src/main/AndroidManifest.xml:87:31-77
190            </intent-filter>
191        </service>
192
193        <activity android:name="com.google.androidbrowserhelper.trusted.NotificationPermissionRequestActivity" />
193-->src/main/AndroidManifest.xml:208:13-118
193-->src/main/AndroidManifest.xml:208:23-115
194
195        <!-- Location delegation removed - was causing Google Play Services AR requirement -->
196
197
198        <!-- MWA: Removed custom redirect activity - let Chrome handle solana-wallet:// natively -->
199        <!-- The <queries> section above ensures wallet apps are visible to the system -->
200        <provider
200-->[androidx.emoji2:emoji2:1.3.0] AndroidManifest.xml:24:9-32:20
201            android:name="androidx.startup.InitializationProvider"
201-->[androidx.emoji2:emoji2:1.3.0] AndroidManifest.xml:25:13-67
202            android:authorities="fun.playsolmate.app.androidx-startup"
202-->[androidx.emoji2:emoji2:1.3.0] AndroidManifest.xml:26:13-68
203            android:exported="false" >
203-->[androidx.emoji2:emoji2:1.3.0] AndroidManifest.xml:27:13-37
204            <meta-data
204-->[androidx.emoji2:emoji2:1.3.0] AndroidManifest.xml:29:13-31:52
205                android:name="androidx.emoji2.text.EmojiCompatInitializer"
205-->[androidx.emoji2:emoji2:1.3.0] AndroidManifest.xml:30:17-75
206                android:value="androidx.startup" />
206-->[androidx.emoji2:emoji2:1.3.0] AndroidManifest.xml:31:17-49
207            <meta-data
207-->[androidx.lifecycle:lifecycle-process:2.6.2] AndroidManifest.xml:29:13-31:52
208                android:name="androidx.lifecycle.ProcessLifecycleInitializer"
208-->[androidx.lifecycle:lifecycle-process:2.6.2] AndroidManifest.xml:30:17-78
209                android:value="androidx.startup" />
209-->[androidx.lifecycle:lifecycle-process:2.6.2] AndroidManifest.xml:31:17-49
210            <meta-data
210-->[androidx.profileinstaller:profileinstaller:1.3.1] AndroidManifest.xml:29:13-31:52
211                android:name="androidx.profileinstaller.ProfileInstallerInitializer"
211-->[androidx.profileinstaller:profileinstaller:1.3.1] AndroidManifest.xml:30:17-85
212                android:value="androidx.startup" />
212-->[androidx.profileinstaller:profileinstaller:1.3.1] AndroidManifest.xml:31:17-49
213        </provider>
214
215        <receiver
215-->[androidx.profileinstaller:profileinstaller:1.3.1] AndroidManifest.xml:34:9-52:20
216            android:name="androidx.profileinstaller.ProfileInstallReceiver"
216-->[androidx.profileinstaller:profileinstaller:1.3.1] AndroidManifest.xml:35:13-76
217            android:directBootAware="false"
217-->[androidx.profileinstaller:profileinstaller:1.3.1] AndroidManifest.xml:36:13-44
218            android:enabled="true"
218-->[androidx.profileinstaller:profileinstaller:1.3.1] AndroidManifest.xml:37:13-35
219            android:exported="true"
219-->[androidx.profileinstaller:profileinstaller:1.3.1] AndroidManifest.xml:38:13-36
220            android:permission="android.permission.DUMP" >
220-->[androidx.profileinstaller:profileinstaller:1.3.1] AndroidManifest.xml:39:13-57
221            <intent-filter>
221-->[androidx.profileinstaller:profileinstaller:1.3.1] AndroidManifest.xml:40:13-42:29
222                <action android:name="androidx.profileinstaller.action.INSTALL_PROFILE" />
222-->[androidx.profileinstaller:profileinstaller:1.3.1] AndroidManifest.xml:41:17-91
222-->[androidx.profileinstaller:profileinstaller:1.3.1] AndroidManifest.xml:41:25-88
223            </intent-filter>
224            <intent-filter>
224-->[androidx.profileinstaller:profileinstaller:1.3.1] AndroidManifest.xml:43:13-45:29
225                <action android:name="androidx.profileinstaller.action.SKIP_FILE" />
225-->[androidx.profileinstaller:profileinstaller:1.3.1] AndroidManifest.xml:44:17-85
225-->[androidx.profileinstaller:profileinstaller:1.3.1] AndroidManifest.xml:44:25-82
226            </intent-filter>
227            <intent-filter>
227-->[androidx.profileinstaller:profileinstaller:1.3.1] AndroidManifest.xml:46:13-48:29
228                <action android:name="androidx.profileinstaller.action.SAVE_PROFILE" />
228-->[androidx.profileinstaller:profileinstaller:1.3.1] AndroidManifest.xml:47:17-88
228-->[androidx.profileinstaller:profileinstaller:1.3.1] AndroidManifest.xml:47:25-85
229            </intent-filter>
230            <intent-filter>
230-->[androidx.profileinstaller:profileinstaller:1.3.1] AndroidManifest.xml:49:13-51:29
231                <action android:name="androidx.profileinstaller.action.BENCHMARK_OPERATION" />
231-->[androidx.profileinstaller:profileinstaller:1.3.1] AndroidManifest.xml:50:17-95
231-->[androidx.profileinstaller:profileinstaller:1.3.1] AndroidManifest.xml:50:25-92
232            </intent-filter>
233        </receiver>
234    </application>
235
236</manifest>